Using pre-set license
Built from '2020.3/staging' branch; Version is '2020.3.14f1 (d0d1bb862f9d) revision 13685179'; Using compiler version '192528614'; Build Type 'Release'
OS: 'Windows 10 Pro; OS build 19043.1645; Version 2009; 64bit' Language: 'ja' Physical Memory: 32682 MB
BatchMode: 1, IsHumanControllingUs: 0, StartBugReporterOnCrash: 0, Is64bit: 1, IsPro: 0

 COMMAND LINE ARGUMENTS:
N:\Program\2020.3.14f1\Editor\Unity.exe
-adb2
-batchMode
-noUpm
-name
AssetImportWorker0
-projectPath
X:/Project/tumetume
-logFile
Logs/AssetImportWorker0.log
-srvPort
50820
Successfully changed project path to: X:/Project/tumetume
X:/Project/tumetume
Using Asset Import Pipeline V2.
Refreshing native plugins compatible for Editor in 34.89 ms, found 3 plugins.
Preloading 0 native plugins for Editor in 0.00 ms.
Initialize engine version: 2020.3.14f1 (d0d1bb862f9d)
[Subsystems] Discovering subsystems at path N:/Program/2020.3.14f1/Editor/Data/Resources/UnitySubsystems
[Subsystems] Discovering subsystems at path X:/Project/tumetume/Assets
GfxDevice: creating device client; threaded=0
Direct3D:
    Version:  Direct3D 11.0 [level 11.1]
    Renderer: NVIDIA GeForce RTX 2070 (ID=0x1f02)
    Vendor:   
    VRAM:     8031 MB
    Driver:   30.0.15.1215
Initialize mono
Mono path[0] = 'N:/Program/2020.3.14f1/Editor/Data/Managed'
Mono path[1] = 'N:/Program/2020.3.14f1/Editor/Data/MonoBleedingEdge/lib/mono/unityjit'
Mono config path = 'N:/Program/2020.3.14f1/Editor/Data/MonoBleedingEdge/etc'
Using monoOptions --debugger-agent=transport=dt_socket,embedding=1,server=y,suspend=n,address=127.0.0.1:56936
Begin MonoManager ReloadAssembly
Registering precompiled unity dll's ...
Register platform support module: N:/Program/2020.3.14f1/Editor/Data/PlaybackEngines/WebGLSupport/UnityEditor.WebGL.Extensions.dll
Register platform support module: N:/Program/2020.3.14f1/Editor/Data/PlaybackEngines/WindowsStandaloneSupport/UnityEditor.WindowsStandalone.Extensions.dll
Registered in 0.001165 seconds.
Native extension for WindowsStandalone target not found
Native extension for WebGL target not found
Refreshing native plugins compatible for Editor in 35.86 ms, found 3 plugins.
Preloading 0 native plugins for Editor in 0.00 ms.
Mono: successfully reloaded assembly
- Completed reload, in  1.045 seconds
Domain Reload Profiling:
	ReloadAssembly (1045ms)
		BeginReloadAssembly (55ms)
			ExecutionOrderSort (0ms)
			DisableScriptedObjects (0ms)
			BackupInstance (0ms)
			ReleaseScriptingObjects (0ms)
			CreateAndSetChildDomain (1ms)
		EndReloadAssembly (346ms)
			LoadAssemblies (55ms)
			RebuildTransferFunctionScriptingTraits (0ms)
			SetupTypeCache (125ms)
			ReleaseScriptCaches (0ms)
			RebuildScriptCaches (26ms)
			SetupLoadedEditorAssemblies (137ms)
				LogAssemblyErrors (0ms)
				InitializePlatformSupportModulesInManaged (4ms)
				SetLoadedEditorAssemblies (0ms)
				RefreshPlugins (36ms)
				BeforeProcessingInitializeOnLoad (12ms)
				ProcessInitializeOnLoadAttributes (63ms)
				ProcessInitializeOnLoadMethodAttributes (22ms)
				AfterProcessingInitializeOnLoad (0ms)
				EditorAssembliesLoaded (0ms)
			ExecutionOrderSort2 (0ms)
			AwakeInstancesAfterBackupRestoration (0ms)
Platform modules already initialized, skipping
Registering precompiled user dll's ...
Registered in 0.002090 seconds.
Begin MonoManager ReloadAssembly
Native extension for WindowsStandalone target not found
Native extension for WebGL target not found
Refreshing native plugins compatible for Editor in 34.97 ms, found 3 plugins.
Preloading 0 native plugins for Editor in 0.00 ms.
Mono: successfully reloaded assembly
- Completed reload, in  0.917 seconds
Domain Reload Profiling:
	ReloadAssembly (918ms)
		BeginReloadAssembly (129ms)
			ExecutionOrderSort (0ms)
			DisableScriptedObjects (4ms)
			BackupInstance (0ms)
			ReleaseScriptingObjects (0ms)
			CreateAndSetChildDomain (15ms)
		EndReloadAssembly (739ms)
			LoadAssemblies (82ms)
			RebuildTransferFunctionScriptingTraits (0ms)
			SetupTypeCache (243ms)
			ReleaseScriptCaches (0ms)
			RebuildScriptCaches (41ms)
			SetupLoadedEditorAssemblies (279ms)
				LogAssemblyErrors (0ms)
				InitializePlatformSupportModulesInManaged (3ms)
				SetLoadedEditorAssemblies (0ms)
				RefreshPlugins (35ms)
				BeforeProcessingInitializeOnLoad (72ms)
				ProcessInitializeOnLoadAttributes (157ms)
				ProcessInitializeOnLoadMethodAttributes (10ms)
				AfterProcessingInitializeOnLoad (2ms)
				EditorAssembliesLoaded (0ms)
			ExecutionOrderSort2 (0ms)
			AwakeInstancesAfterBackupRestoration (5ms)
Platform modules already initialized, skipping
========================================================================
Worker process is ready to serve import requests
Launched and connected shader compiler UnityShaderCompiler.exe after 0.05 seconds
Refreshing native plugins compatible for Editor in 0.47 ms, found 3 plugins.
Preloading 0 native plugins for Editor in 0.00 ms.
Unloading 2085 Unused Serialized files (Serialized files now loaded: 0)
System memory in use before: 95.6 MB.
System memory in use after: 95.6 MB.

Unloading 33 unused Assets to reduce memory usage. Loaded Objects now: 2517.
Total: 2.381800 ms (FindLiveObjects: 0.286700 ms CreateObjectMapping: 0.056500 ms MarkObjects: 1.908700 ms  DeleteObjects: 0.128700 ms)

AssetImportParameters requested are different than current active one (requested -> active):
  custom:framework-win-MediaFoundation: 216162199b28c13a410421893ffa2e32 -> 
  custom:video-decoder-ogg-theora: a1e56fd34408186e4bbccfd4996cb3dc -> 
  custom:container-muxer-webm: aa71ff27fc2769a1b78a27578f13a17b -> 
  custom:container-demuxer-webm: 4f35f7cbe854078d1ac9338744f61a02 -> 
  custom:container-demuxer-ogg: 62fdf1f143b41e24485cea50d1cbac27 -> 
  custom:video-encoder-webm-vp8: eb34c28f22e8b96e1ab97ce403110664 -> 
  custom:video-decoder-webm-vp8: 9c59270c3fd7afecdb556c50c9e8de78 -> 
  custom:audio-decoder-ogg-vorbis: bf7c407c2cedff20999df2af8eb42d56 -> 
  custom:audio-encoder-webm-vorbis: bf7c407c2cedff20999df2af8eb42d56 -> 
========================================================================
Received Import Request.
  path: Assets
  artifactKey: Guid(00000000000000001000000000000000) Importer(815301076,1909f56bfc062723c751e8b465ee728b)
Start importing Assets using Guid(00000000000000001000000000000000) Importer(815301076,1909f56bfc062723c751e8b465ee728b)  -> (artifact id: '42d402b061de3733987d63b9cc3b64de') in 0.007157 seconds 
  Import took 0.009906 seconds .

========================================================================
Received Import Request.
  Time since last request: 2.753790 seconds.
  path: Assets/Texture
  artifactKey: Guid(e85540d5684a826419e4dac611a1f8c7) Importer(815301076,1909f56bfc062723c751e8b465ee728b)
Start importing Assets/Texture using Guid(e85540d5684a826419e4dac611a1f8c7) Importer(815301076,1909f56bfc062723c751e8b465ee728b)  -> (artifact id: '8fb41a1abf677f609b4ea0b2d54d1d05') in 0.005729 seconds 
  Import took 0.008697 seconds .

========================================================================
Received Import Request.
  Time since last request: 7.529483 seconds.
  path: Assets/Texture/Game
  artifactKey: Guid(88f38ecc91f500647881393684df8b49) Importer(815301076,1909f56bfc062723c751e8b465ee728b)
Start importing Assets/Texture/Game using Guid(88f38ecc91f500647881393684df8b49) Importer(815301076,1909f56bfc062723c751e8b465ee728b)  -> (artifact id: '6b7d7bb181b3256eef68ba41a5675f7b') in 0.006492 seconds 
  Import took 0.009662 seconds .

========================================================================
Received Import Request.
  Time since last request: 8.378089 seconds.
  path: Assets/Texture/Game/publicdomainq-0022553lht.jpg
  artifactKey: Guid(84925c2c84c62284c8aa4196c6e35252) Importer(815301076,1909f56bfc062723c751e8b465ee728b)
Start importing Assets/Texture/Game/publicdomainq-0022553lht.jpg using Guid(84925c2c84c62284c8aa4196c6e35252) Importer(815301076,1909f56bfc062723c751e8b465ee728b)  -> (artifact id: 'b3a9d5d356671ae090c167dc866409a9') in 0.096281 seconds 
  Import took 0.099332 seconds .

========================================================================
Received Import Request.
  Time since last request: 0.000210 seconds.
  path: Assets/Texture/Game/shopping_bag_rejibukuro_empty.png
  artifactKey: Guid(9e6a8e51a399c4041ac839a3df5ba293) Importer(815301076,1909f56bfc062723c751e8b465ee728b)
Start importing Assets/Texture/Game/shopping_bag_rejibukuro_empty.png using Guid(9e6a8e51a399c4041ac839a3df5ba293) Importer(815301076,1909f56bfc062723c751e8b465ee728b)  -> (artifact id: '14bf405851fb3f0423908b63a455b0fb') in 0.024642 seconds 
  Import took 0.027310 seconds .

========================================================================
Received Import Request.
  Time since last request: 2690.891600 seconds.
  path: Assets/Texture/Game/enzyou1.jpg
  artifactKey: Guid(e23fb5e9201208e46be5388e3e4af1b6) Importer(815301076,1909f56bfc062723c751e8b465ee728b)
Start importing Assets/Texture/Game/enzyou1.jpg using Guid(e23fb5e9201208e46be5388e3e4af1b6) Importer(815301076,1909f56bfc062723c751e8b465ee728b)  -> (artifact id: 'a0217e05270e9803cec7c9bb519a51f1') in 0.052640 seconds 
  Import took 0.056010 seconds .

========================================================================
Received Import Request.
  Time since last request: 535.943305 seconds.
  path: Assets/Texture/Game/publicdomainq-0022553lht.png
  artifactKey: Guid(38573cb66ae802a43ac4d076341ef240) Importer(815301076,1909f56bfc062723c751e8b465ee728b)
Start importing Assets/Texture/Game/publicdomainq-0022553lht.png using Guid(38573cb66ae802a43ac4d076341ef240) Importer(815301076,1909f56bfc062723c751e8b465ee728b)  -> (artifact id: 'fb8328d4c92da554cd6e6fae7426ff72') in 0.022920 seconds 
  Import took 0.026342 seconds .

